<?xml version="1.0" encoding="UTF-8"?>
<testng-results ignored="0" total="1" passed="1" failed="0" skipped="0">
  <reporter-output>
  </reporter-output>
  <suite started-at="2024-08-31T00:20:49 PDT" name="Suite" finished-at="2024-08-31T00:21:30 PDT" duration-ms="40440">
    <groups>
    </groups>
    <test started-at="2024-08-31T00:20:49 PDT" name="Test" finished-at="2024-08-31T00:21:30 PDT" duration-ms="40440">
      <class name="actionExample.Amazon_WishListExample">
        <test-method is-config="true" signature="launchApp()[pri:0, instance:actionExample.Amazon_WishListExample@795cd85e]" started-at="2024-08-31T00:20:49 PDT" name="launchApp" finished-at="2024-08-31T00:21:19 PDT" duration-ms="29727" status="PASS">
          <reporter-output>
          </reporter-output>
        </test-method> <!-- launchApp -->
        <test-method signature="verifypromptAlert()[pri:0, instance:actionExample.Amazon_WishListExample@795cd85e]" started-at="2024-08-31T00:21:19 PDT" name="verifypromptAlert" finished-at="2024-08-31T00:21:24 PDT" duration-ms="5189" status="PASS">
          <reporter-output>
          </reporter-output>
        </test-method> <!-- verifypromptAlert -->
        <test-method is-config="true" signature="closeApp()[pri:0, instance:actionExample.Amazon_WishListExample@795cd85e]" started-at="2024-08-31T00:21:24 PDT" name="closeApp" finished-at="2024-08-31T00:21:30 PDT" duration-ms="5449" status="PASS">
          <reporter-output>
          </reporter-output>
        </test-method> <!-- closeApp -->
      </class> <!-- actionExample.Amazon_WishListExample -->
    </test> <!-- Test -->
  </suite> <!-- Suite -->
</testng-results>
