<?xml version="1.0" encoding="UTF-8"?>
<testng-results ignored="0" total="1" passed="1" failed="0" skipped="0">
  <reporter-output>
  </reporter-output>
  <suite started-at="2024-08-31T10:58:06 IST" name="Suite" finished-at="2024-08-31T10:58:28 IST" duration-ms="22508">
    <groups>
    </groups>
    <test started-at="2024-08-31T10:58:06 IST" name="Test" finished-at="2024-08-31T10:58:28 IST" duration-ms="22508">
      <class name="actionExample.Amazon_WishListExample">
        <test-method is-config="true" signature="launchApp()[pri:0, instance:actionExample.Amazon_WishListExample@58cbafc2]" started-at="2024-08-31T10:58:06 IST" name="launchApp" finished-at="2024-08-31T10:58:18 IST" duration-ms="12678" status="PASS">
          <reporter-output>
          </reporter-output>
        </test-method> <!-- launchApp -->
        <test-method signature="verifypromptAlert()[pri:0, instance:actionExample.Amazon_WishListExample@58cbafc2]" started-at="2024-08-31T10:58:19 IST" name="verifypromptAlert" finished-at="2024-08-31T10:58:23 IST" duration-ms="4225" status="PASS">
          <reporter-output>
          </reporter-output>
        </test-method> <!-- verifypromptAlert -->
        <test-method is-config="true" signature="closeApp()[pri:0, instance:actionExample.Amazon_WishListExample@58cbafc2]" started-at="2024-08-31T10:58:23 IST" name="closeApp" finished-at="2024-08-31T10:58:28 IST" duration-ms="5570" status="PASS">
          <reporter-output>
          </reporter-output>
        </test-method> <!-- closeApp -->
      </class> <!-- actionExample.Amazon_WishListExample -->
    </test> <!-- Test -->
  </suite> <!-- Suite -->
</testng-results>
